Opcode: JMP 4C F5 C5 A: 0x0 X: 0x0 Y: 0x0 SP: 0xFD PC: 0x8000 P: 0x24 CYC: 7
Opcode: LDX A2 0 A: 0x0 X: 0x0 Y: 0x0 SP: 0xFD PC: 0xC5F5 P: 0x24 CYC: 11
Opcode: STX 86 0 A: 0x0 X: 0x0 Y: 0x0 SP: 0xFD PC: 0xC5F7 P: 0x0 CYC: 14
Opcode: STX 86 10 A: 0x0 X: 0x0 Y: 0x0 SP: 0xFD PC: 0xC5F9 P: 0x0 CYC: 18
Opcode: STX 86 11 A: 0x0 X: 0x0 Y: 0x0 SP: 0xFD PC: 0xC5FB P: 0x0 CYC: 22
Opcode: JSR 20 2D C7 A: 0x0 X: 0x0 Y: 0x0 SP: 0xFD PC: 0xC5FD P: 0x0 CYC: 26
Opcode: NOP EA A: 0x0 X: 0x0 Y: 0x0 SP: 0xFB PC: 0xC72D P: 0x0 CYC: 33
Opcode: SEC 38 A: 0x0 X: 0x0 Y: 0x0 SP: 0xFB PC: 0xC72E P: 0x0 CYC: 36
Opcode: BCS B0 4 A: 0x0 X: 0x0 Y: 0x0 SP: 0xFB PC: 0xC72F P: 0x1 CYC: 39
Opcode: NOP EA A: 0x0 X: 0x0 Y: 0x0 SP: 0xFB PC: 0xC735 P: 0x1 CYC: 42
Opcode: CLC 18 A: 0x0 X: 0x0 Y: 0x0 SP: 0xFB PC: 0xC736 P: 0x1 CYC: 45
Opcode: BCS B0 3 A: 0x0 X: 0x0 Y: 0x0 SP: 0xFB PC: 0xC737 P: 0x1 CYC: 48
Opcode: LDX A2 2 A: 0x0 X: 0x0 Y: 0x0 SP: 0xFB PC: 0xC73C P: 0x1 CYC: 51
Opcode: STX 86 0 A: 0x0 X: 0x2 Y: 0x0 SP: 0xFB PC: 0xC73E P: 0x0 CYC: 54
Opcode: NOP EA A: 0x0 X: 0x2 Y: 0x0 SP: 0xFB PC: 0xC740 P: 0x0 CYC: 58
Opcode: SEC 38 A: 0x0 X: 0x2 Y: 0x0 SP: 0xFB PC: 0xC741 P: 0x0 CYC: 61
Opcode: BCC 90 3 A: 0x0 X: 0x2 Y: 0x0 SP: 0xFB PC: 0xC742 P: 0x1 CYC: 64
Opcode: JMP 4C 4B C7 A: 0x0 X: 0x2 Y: 0x0 SP: 0xFB PC: 0xC744 P: 0x1 CYC: 67
Opcode: NOP EA A: 0x0 X: 0x2 Y: 0x0 SP: 0xFB PC: 0xC74B P: 0x1 CYC: 71
Opcode: CLC 18 A: 0x0 X: 0x2 Y: 0x0 SP: 0xFB PC: 0xC74C P: 0x1 CYC: 74
Opcode: BCC 90 4 A: 0x0 X: 0x2 Y: 0x0 SP: 0xFB PC: 0xC74D P: 0x1 CYC: 77
Opcode: LDX A2 4 A: 0x0 X: 0x2 Y: 0x0 SP: 0xFB PC: 0xC74F P: 0x1 CYC: 80
Opcode: STX 86 0 A: 0x0 X: 0x4 Y: 0x0 SP: 0xFB PC: 0xC751 P: 0x0 CYC: 83
Opcode: NOP EA A: 0x0 X: 0x4 Y: 0x0 SP: 0xFB PC: 0xC753 P: 0x0 CYC: 87
Opcode: LDA A9 0 A: 0x0 X: 0x4 Y: 0x0 SP: 0xFB PC: 0xC754 P: 0x0 CYC: 90
Opcode: BEQ F0 4 A: 0x0 X: 0x4 Y: 0x0 SP: 0xFB PC: 0xC756 P: 0x0 CYC: 93
Opcode: LDX A2 5 A: 0x0 X: 0x4 Y: 0x0 SP: 0xFB PC: 0xC758 P: 0x0 CYC: 96
Opcode: STX 86 0 A: 0x0 X: 0x5 Y: 0x0 SP: 0xFB PC: 0xC75A P: 0x0 CYC: 99
Opcode: NOP EA A: 0x0 X: 0x5 Y: 0x0 SP: 0xFB PC: 0xC75C P: 0x0 CYC: 103
Opcode: LDA A9 40 A: 0x0 X: 0x5 Y: 0x0 SP: 0xFB PC: 0xC75D P: 0x0 CYC: 106
Opcode: BEQ F0 3 A: 0x40 X: 0x5 Y: 0x0 SP: 0xFB PC: 0xC75F P: 0x0 CYC: 109
Opcode: JMP 4C 68 C7 A: 0x40 X: 0x5 Y: 0x0 SP: 0xFB PC: 0xC761 P: 0x0 CYC: 112
Opcode: NOP EA A: 0x40 X: 0x5 Y: 0x0 SP: 0xFB PC: 0xC768 P: 0x0 CYC: 116
Opcode: LDA A9 40 A: 0x40 X: 0x5 Y: 0x0 SP: 0xFB PC: 0xC769 P: 0x0 CYC: 119
Opcode: BNE D0 4 A: 0x40 X: 0x5 Y: 0x0 SP: 0xFB PC: 0xC76B P: 0x0 CYC: 122
Opcode: NOP EA A: 0x40 X: 0x5 Y: 0x0 SP: 0xFB PC: 0xC771 P: 0x0 CYC: 125
Opcode: LDA A9 0 A: 0x40 X: 0x5 Y: 0x0 SP: 0xFB PC: 0xC772 P: 0x0 CYC: 128
Opcode: BNE D0 3 A: 0x0 X: 0x5 Y: 0x0 SP: 0xFB PC: 0xC774 P: 0x0 CYC: 131
Opcode: LDX A2 8 A: 0x0 X: 0x5 Y: 0x0 SP: 0xFB PC: 0xC779 P: 0x0 CYC: 134
Opcode: STX 86 0 A: 0x0 X: 0x8 Y: 0x0 SP: 0xFB PC: 0xC77B P: 0x0 CYC: 137
Opcode: NOP EA A: 0x0 X: 0x8 Y: 0x0 SP: 0xFB PC: 0xC77D P: 0x0 CYC: 141
Opcode: LDA A9 FF A: 0x0 X: 0x8 Y: 0x0 SP: 0xFB PC: 0xC77E P: 0x0 CYC: 144
Opcode: STA 85 1 A: 0xFF X: 0x8 Y: 0x0 SP: 0xFB PC: 0xC780 P: 0x80 CYC: 147
Opcode: BIT 24 1 A: 0xFF X: 0x8 Y: 0x0 SP: 0xFB PC: 0xC782 P: 0x80 CYC: 151
Opcode: BVS 70 4 A: 0xFF X: 0x8 Y: 0x0 SP: 0xFB PC: 0xC784 P: 0xC0 CYC: 155
Opcode: NOP EA A: 0xFF X: 0x8 Y: 0x0 SP: 0xFB PC: 0xC78A P: 0xC0 CYC: 158
Opcode: BIT 24 1 A: 0xFF X: 0x8 Y: 0x0 SP: 0xFB PC: 0xC78B P: 0xC0 CYC: 161
Opcode: BVC 50 3 A: 0xFF X: 0x8 Y: 0x0 SP: 0xFB PC: 0xC78D P: 0xC0 CYC: 165
Opcode: JMP 4C 96 C7 A: 0xFF X: 0x8 Y: 0x0 SP: 0xFB PC: 0xC78F P: 0xC0 CYC: 168
Opcode: NOP EA A: 0xFF X: 0x8 Y: 0x0 SP: 0xFB PC: 0xC796 P: 0xC0 CYC: 172
Opcode: LDA A9 0 A: 0xFF X: 0x8 Y: 0x0 SP: 0xFB PC: 0xC797 P: 0xC0 CYC: 175
Opcode: STA 85 1 A: 0x0 X: 0x8 Y: 0x0 SP: 0xFB PC: 0xC799 P: 0x80 CYC: 178
Opcode: BIT 24 1 A: 0x0 X: 0x8 Y: 0x0 SP: 0xFB PC: 0xC79B P: 0x80 CYC: 182
Opcode: BVC 50 4 A: 0x0 X: 0x8 Y: 0x0 SP: 0xFB PC: 0xC79D P: 0x0 CYC: 186
Opcode: NOP EA A: 0x0 X: 0x8 Y: 0x0 SP: 0xFB PC: 0xC7A3 P: 0x0 CYC: 189
Opcode: BIT 24 1 A: 0x0 X: 0x8 Y: 0x0 SP: 0xFB PC: 0xC7A4 P: 0x0 CYC: 192
Opcode: BVS 70 3 A: 0x0 X: 0x8 Y: 0x0 SP: 0xFB PC: 0xC7A6 P: 0x0 CYC: 196
Opcode: JMP 4C AF C7 A: 0x0 X: 0x8 Y: 0x0 SP: 0xFB PC: 0xC7A8 P: 0x0 CYC: 199
Opcode: NOP EA A: 0x0 X: 0x8 Y: 0x0 SP: 0xFB PC: 0xC7AF P: 0x0 CYC: 203
Opcode: LDA A9 0 A: 0x0 X: 0x8 Y: 0x0 SP: 0xFB PC: 0xC7B0 P: 0x0 CYC: 206
