Opcode: JMP 4C F5 C5 A: 0x0 X: 0x0 Y: 0x0 SP: 0xFD PC: 0x8000 P: 0x24 CYC: 7
Opcode: LDX A2 0 A: 0x0 X: 0x0 Y: 0x0 SP: 0xFD PC: 0xC5F5 P: 0x24 CYC: 11
Opcode: STX 86 0 A: 0x0 X: 0x0 Y: 0x0 SP: 0xFD PC: 0xC5F7 P: 0x0 CYC: 14
Opcode: STX 86 10 A: 0x0 X: 0x0 Y: 0x0 SP: 0xFD PC: 0xC5F9 P: 0x0 CYC: 18
Opcode: STX 86 11 A: 0x0 X: 0x0 Y: 0x0 SP: 0xFD PC: 0xC5FB P: 0x0 CYC: 22
Opcode: JSR 20 2D C7 A: 0x0 X: 0x0 Y: 0x0 SP: 0xFD PC: 0xC5FD P: 0x0 CYC: 26
Opcode: NOP EA A: 0x0 X: 0x0 Y: 0x0 SP: 0xFB PC: 0xC72D P: 0x0 CYC: 33
Opcode: SEC 38 A: 0x0 X: 0x0 Y: 0x0 SP: 0xFB PC: 0xC72E P: 0x0 CYC: 36
Opcode: BCS B0 4 A: 0x0 X: 0x0 Y: 0x0 SP: 0xFB PC: 0xC72F P: 0x1 CYC: 39
Opcode: BRK 0 A: 0x0 X: 0x0 Y: 0x0 SP: 0xFB PC: 0xC767 P: 0x1 CYC: 42
Opcode: JMP 4C B0 CA A: 0x0 X: 0x0 Y: 0x0 SP: 0xF8 PC: 0xAAA9 P: 0x5 CYC: 50
Opcode: NOP EA A: 0x0 X: 0x0 Y: 0x0 SP: 0xF8 PC: 0xCAB0 P: 0x5 CYC: 54
Opcode: BIT 24 1 A: 0x0 X: 0x0 Y: 0x0 SP: 0xF8 PC: 0xCAB1 P: 0x5 CYC: 57
Opcode: LDX A2 40 A: 0x0 X: 0x0 Y: 0x0 SP: 0xF8 PC: 0xCAB3 P: 0x0 CYC: 61
Opcode: CPX E0 40 A: 0x0 X: 0x40 Y: 0x0 SP: 0xF8 PC: 0xCAB5 P: 0x0 CYC: 64
Opcode: BNE D0 9 A: 0x0 X: 0x40 Y: 0x0 SP: 0xF8 PC: 0xCAB7 P: 0x0 CYC: 67
Opcode: LDA A9 35 A: 0x0 X: 0x40 Y: 0x0 SP: 0xF8 PC: 0xCAF7 P: 0x0 CYC: 70
Opcode: STA 85 0 A: 0x35 X: 0x40 Y: 0x0 SP: 0xF8 PC: 0xCAF9 P: 0x0 CYC: 73
Opcode: NOP EA A: 0x35 X: 0x40 Y: 0x0 SP: 0xF8 PC: 0xCAFB P: 0x0 CYC: 77
Opcode: CPX E0 80 A: 0x35 X: 0x40 Y: 0x0 SP: 0xF8 PC: 0xCAFC P: 0x0 CYC: 80
Opcode: BNE D0 7 A: 0x35 X: 0x40 Y: 0x0 SP: 0xF8 PC: 0xCAFE P: 0x80 CYC: 83
Opcode: STX 86 0 A: 0x35 X: 0x40 Y: 0x0 SP: 0xF8 PC: 0xCA7E P: 0x80 CYC: 86
Opcode: NOP EA A: 0x35 X: 0x40 Y: 0x0 SP: 0xF8 PC: 0xCA80 P: 0x80 CYC: 90
Opcode: CPY C0 80 A: 0x35 X: 0x40 Y: 0x0 SP: 0xF8 PC: 0xCA81 P: 0x80 CYC: 93
Opcode: BNE D0 7 A: 0x35 X: 0x40 Y: 0x0 SP: 0xF8 PC: 0xCA83 P: 0x80 CYC: 96
Opcode: STX 86 0 A: 0x35 X: 0x40 Y: 0x0 SP: 0xF8 PC: 0xCA03 P: 0x80 CYC: 99
Opcode: NOP EA A: 0x35 X: 0x40 Y: 0x0 SP: 0xF8 PC: 0xCA05 P: 0x80 CYC: 103
Opcode: CMP C9 80 A: 0x35 X: 0x40 Y: 0x0 SP: 0xF8 PC: 0xCA06 P: 0x80 CYC: 106
Opcode: BNE D0 7 A: 0x35 X: 0x40 Y: 0x0 SP: 0xF8 PC: 0xCA08 P: 0x80 CYC: 109
Opcode: BCC 90 3 A: 0x35 X: 0x40 Y: 0x0 SP: 0xF8 PC: 0xC988 P: 0x80 CYC: 112
Opcode: LDX A2 22 A: 0x35 X: 0x40 Y: 0x0 SP: 0xF8 PC: 0xC98D P: 0x80 CYC: 115
Opcode: STX 86 0 A: 0x35 X: 0x22 Y: 0x0 SP: 0xF8 PC: 0xC98F P: 0x0 CYC: 118
Opcode: NOP EA A: 0x35 X: 0x22 Y: 0x0 SP: 0xF8 PC: 0xC991 P: 0x0 CYC: 122
Opcode: SEC 38 A: 0x35 X: 0x22 Y: 0x0 SP: 0xF8 PC: 0xC992 P: 0x0 CYC: 125
Opcode: CLV B8 A: 0x35 X: 0x22 Y: 0x0 SP: 0xF8 PC: 0xC993 P: 0x1 CYC: 128
Opcode: LDA A9 9F A: 0x35 X: 0x22 Y: 0x0 SP: 0xF8 PC: 0xC994 P: 0x0 CYC: 131
Opcode: BEQ F0 9 A: 0x9F X: 0x22 Y: 0x0 SP: 0xF8 PC: 0xC996 P: 0x80 CYC: 134
Opcode: BPL 10 7 A: 0x9F X: 0x22 Y: 0x0 SP: 0xF8 PC: 0xC998 P: 0x80 CYC: 137
Opcode: BVS 70 5 A: 0x9F X: 0x22 Y: 0x0 SP: 0xF8 PC: 0xC99A P: 0x80 CYC: 140
Opcode: BCC 90 3 A: 0x9F X: 0x22 Y: 0x0 SP: 0xF8 PC: 0xC99C P: 0x80 CYC: 143
Opcode: LDX A2 23 A: 0x9F X: 0x22 Y: 0x0 SP: 0xF8 PC: 0xC9A1 P: 0x80 CYC: 146
Opcode: STX 86 0 A: 0x9F X: 0x23 Y: 0x0 SP: 0xF8 PC: 0xC9A3 P: 0x0 CYC: 149
Opcode: NOP EA A: 0x9F X: 0x23 Y: 0x0 SP: 0xF8 PC: 0xC9A5 P: 0x0 CYC: 153
Opcode: CLC 18 A: 0x9F X: 0x23 Y: 0x0 SP: 0xF8 PC: 0xC9A6 P: 0x0 CYC: 156
Opcode: BIT 24 1 A: 0x9F X: 0x23 Y: 0x0 SP: 0xF8 PC: 0xC9A7 P: 0x0 CYC: 159
Opcode: LDA A9 0 A: 0x9F X: 0x23 Y: 0x0 SP: 0xF8 PC: 0xC9A9 P: 0x0 CYC: 163
Opcode: BNE D0 9 A: 0x0 X: 0x23 Y: 0x0 SP: 0xF8 PC: 0xC9AB P: 0x0 CYC: 166
Opcode: BNE D0 9 A: 0x0 X: 0x23 Y: 0x0 SP: 0xF8 PC: 0xC9AB P: 0x0 CYC: 169
Opcode: BNE D0 9 A: 0x0 X: 0x23 Y: 0x0 SP: 0xF8 PC: 0xC9AB P: 0x0 CYC: 172
Opcode: BNE D0 9 A: 0x0 X: 0x23 Y: 0x0 SP: 0xF8 PC: 0xC9AB P: 0x0 CYC: 175
Opcode: BNE D0 9 A: 0x0 X: 0x23 Y: 0x0 SP: 0xF8 PC: 0xC9AB P: 0x0 CYC: 178
Opcode: BNE D0 9 A: 0x0 X: 0x23 Y: 0x0 SP: 0xF8 PC: 0xC9AB P: 0x0 CYC: 181
Opcode: BNE D0 9 A: 0x0 X: 0x23 Y: 0x0 SP: 0xF8 PC: 0xC9AB P: 0x0 CYC: 184
Opcode: BNE D0 9 A: 0x0 X: 0x23 Y: 0x0 SP: 0xF8 PC: 0xC9AB P: 0x0 CYC: 187
Opcode: BNE D0 9 A: 0x0 X: 0x23 Y: 0x0 SP: 0xF8 PC: 0xC9AB P: 0x0 CYC: 190
Opcode: BNE D0 9 A: 0x0 X: 0x23 Y: 0x0 SP: 0xF8 PC: 0xC9AB P: 0x0 CYC: 193
Opcode: BNE D0 9 A: 0x0 X: 0x23 Y: 0x0 SP: 0xF8 PC: 0xC9AB P: 0x0 CYC: 196
Opcode: BNE D0 9 A: 0x0 X: 0x23 Y: 0x0 SP: 0xF8 PC: 0xC9AB P: 0x0 CYC: 199
Opcode: BNE D0 9 A: 0x0 X: 0x23 Y: 0x0 SP: 0xF8 PC: 0xC9AB P: 0x0 CYC: 202
Opcode: BNE D0 9 A: 0x0 X: 0x23 Y: 0x0 SP: 0xF8 PC: 0xC9AB P: 0x0 CYC: 205
Opcode: BNE D0 9 A: 0x0 X: 0x23 Y: 0x0 SP: 0xF8 PC: 0xC9AB P: 0x0 CYC: 208
Opcode: BNE D0 9 A: 0x0 X: 0x23 Y: 0x0 SP: 0xF8 PC: 0xC9AB P: 0x0 CYC: 211
Opcode: BNE D0 9 A: 0x0 X: 0x23 Y: 0x0 SP: 0xF8 PC: 0xC9AB P: 0x0 CYC: 214
Opcode: BNE D0 9 A: 0x0 X: 0x23 Y: 0x0 SP: 0xF8 PC: 0xC9AB P: 0x0 CYC: 217
Opcode: BNE D0 9 A: 0x0 X: 0x23 Y: 0x0 SP: 0xF8 PC: 0xC9AB P: 0x0 CYC: 220
Opcode: BNE D0 9 A: 0x0 X: 0x23 Y: 0x0 SP: 0xF8 PC: 0xC9AB P: 0x0 CYC: 223
Opcode: BNE D0 9 A: 0x0 X: 0x23 Y: 0x0 SP: 0xF8 PC: 0xC9AB P: 0x0 CYC: 226
Opcode: BNE D0 9 A: 0x0 X: 0x23 Y: 0x0 SP: 0xF8 PC: 0xC9AB P: 0x0 CYC: 229
Opcode: BNE D0 9 A: 0x0 X: 0x23 Y: 0x0 SP: 0xF8 PC: 0xC9AB P: 0x0 CYC: 232
Opcode: BNE D0 9 A: 0x0 X: 0x23 Y: 0x0 SP: 0xF8 PC: 0xC9AB P: 0x0 CYC: 235
Opcode: BNE D0 9 A: 0x0 X: 0x23 Y: 0x0 SP: 0xF8 PC: 0xC9AB P: 0x0 CYC: 238
Opcode: BNE D0 9 A: 0x0 X: 0x23 Y: 0x0 SP: 0xF8 PC: 0xC9AB P: 0x0 CYC: 241
Opcode: BNE D0 9 A: 0x0 X: 0x23 Y: 0x0 SP: 0xF8 PC: 0xC9AB P: 0x0 CYC: 244
Opcode: BNE D0 9 A: 0x0 X: 0x23 Y: 0x0 SP: 0xF8 PC: 0xC9AB P: 0x0 CYC: 247
Opcode: BNE D0 9 A: 0x0 X: 0x23 Y: 0x0 SP: 0xF8 PC: 0xC9AB P: 0x0 CYC: 250
Opcode: BNE D0 9 A: 0x0 X: 0x23 Y: 0x0 SP: 0xF8 PC: 0xC9AB P: 0x0 CYC: 253
Opcode: BNE D0 9 A: 0x0 X: 0x23 Y: 0x0 SP: 0xF8 PC: 0xC9AB P: 0x0 CYC: 256
Opcode: BNE D0 9 A: 0x0 X: 0x23 Y: 0x0 SP: 0xF8 PC: 0xC9AB P: 0x0 CYC: 259
Opcode: BNE D0 9 A: 0x0 X: 0x23 Y: 0x0 SP: 0xF8 PC: 0xC9AB P: 0x0 CYC: 262
Opcode: BNE D0 9 A: 0x0 X: 0x23 Y: 0x0 SP: 0xF8 PC: 0xC9AB P: 0x0 CYC: 265
Opcode: BNE D0 9 A: 0x0 X: 0x23 Y: 0x0 SP: 0xF8 PC: 0xC9AB P: 0x0 CYC: 268
Opcode: BNE D0 9 A: 0x0 X: 0x23 Y: 0x0 SP: 0xF8 PC: 0xC9AB P: 0x0 CYC: 271
Opcode: BNE D0 9 A: 0x0 X: 0x23 Y: 0x0 SP: 0xF8 PC: 0xC9AB P: 0x0 CYC: 274
Opcode: BNE D0 9 A: 0x0 X: 0x23 Y: 0x0 SP: 0xF8 PC: 0xC9AB P: 0x0 CYC: 277
Opcode: BNE D0 9 A: 0x0 X: 0x23 Y: 0x0 SP: 0xF8 PC: 0xC9AB P: 0x0 CYC: 280
Opcode: BNE D0 9 A: 0x0 X: 0x23 Y: 0x0 SP: 0xF8 PC: 0xC9AB P: 0x0 CYC: 283
Opcode: BNE D0 9 A: 0x0 X: 0x23 Y: 0x0 SP: 0xF8 PC: 0xC9AB P: 0x0 CYC: 286
Opcode: BNE D0 9 A: 0x0 X: 0x23 Y: 0x0 SP: 0xF8 PC: 0xC9AB P: 0x0 CYC: 289
Opcode: BNE D0 9 A: 0x0 X: 0x23 Y: 0x0 SP: 0xF8 PC: 0xC9AB P: 0x0 CYC: 292
Opcode: BNE D0 9 A: 0x0 X: 0x23 Y: 0x0 SP: 0xF8 PC: 0xC9AB P: 0x0 CYC: 295
Opcode: BNE D0 9 A: 0x0 X: 0x23 Y: 0x0 SP: 0xF8 PC: 0xC9AB P: 0x0 CYC: 298
Opcode: BNE D0 9 A: 0x0 X: 0x23 Y: 0x0 SP: 0xF8 PC: 0xC9AB P: 0x0 CYC: 301
Opcode: BNE D0 9 A: 0x0 X: 0x23 Y: 0x0 SP: 0xF8 PC: 0xC9AB P: 0x0 CYC: 304
Opcode: BNE D0 9 A: 0x0 X: 0x23 Y: 0x0 SP: 0xF8 PC: 0xC9AB P: 0x0 CYC: 307
Opcode: BNE D0 9 A: 0x0 X: 0x23 Y: 0x0 SP: 0xF8 PC: 0xC9AB P: 0x0 CYC: 310
Opcode: BNE D0 9 A: 0x0 X: 0x23 Y: 0x0 SP: 0xF8 PC: 0xC9AB P: 0x0 CYC: 313
Opcode: BNE D0 9 A: 0x0 X: 0x23 Y: 0x0 SP: 0xF8 PC: 0xC9AB P: 0x0 CYC: 316
Opcode: BNE D0 9 A: 0x0 X: 0x23 Y: 0x0 SP: 0xF8 PC: 0xC9AB P: 0x0 CYC: 319
Opcode: BNE D0 9 A: 0x0 X: 0x23 Y: 0x0 SP: 0xF8 PC: 0xC9AB P: 0x0 CYC: 322
Opcode: BNE D0 9 A: 0x0 X: 0x23 Y: 0x0 SP: 0xF8 PC: 0xC9AB P: 0x0 CYC: 325
Opcode: BNE D0 9 A: 0x0 X: 0x23 Y: 0x0 SP: 0xF8 PC: 0xC9AB P: 0x0 CYC: 328
Opcode: BNE D0 9 A: 0x0 X: 0x23 Y: 0x0 SP: 0xF8 PC: 0xC9AB P: 0x0 CYC: 331
Opcode: BNE D0 9 A: 0x0 X: 0x23 Y: 0x0 SP: 0xF8 PC: 0xC9AB P: 0x0 CYC: 334
Opcode: BNE D0 9 A: 0x0 X: 0x23 Y: 0x0 SP: 0xF8 PC: 0xC9AB P: 0x0 CYC: 337
Opcode: BNE D0 9 A: 0x0 X: 0x23 Y: 0x0 SP: 0xF8 PC: 0xC9AB P: 0x0 CYC: 340
Opcode: BNE D0 9 A: 0x0 X: 0x23 Y: 0x0 SP: 0xF8 PC: 0xC9AB P: 0x0 CYC: 343
Opcode: BNE D0 9 A: 0x0 X: 0x23 Y: 0x0 SP: 0xF8 PC: 0xC9AB P: 0x0 CYC: 346
Opcode: BNE D0 9 A: 0x0 X: 0x23 Y: 0x0 SP: 0xF8 PC: 0xC9AB P: 0x0 CYC: 349
Opcode: BNE D0 9 A: 0x0 X: 0x23 Y: 0x0 SP: 0xF8 PC: 0xC9AB P: 0x0 CYC: 352
Opcode: BNE D0 9 A: 0x0 X: 0x23 Y: 0x0 SP: 0xF8 PC: 0xC9AB P: 0x0 CYC: 355
Opcode: BNE D0 9 A: 0x0 X: 0x23 Y: 0x0 SP: 0xF8 PC: 0xC9AB P: 0x0 CYC: 358
Opcode: BNE D0 9 A: 0x0 X: 0x23 Y: 0x0 SP: 0xF8 PC: 0xC9AB P: 0x0 CYC: 361
Opcode: BNE D0 9 A: 0x0 X: 0x23 Y: 0x0 SP: 0xF8 PC: 0xC9AB P: 0x0 CYC: 364
Opcode: BNE D0 9 A: 0x0 X: 0x23 Y: 0x0 SP: 0xF8 PC: 0xC9AB P: 0x0 CYC: 367
Opcode: BNE D0 9 A: 0x0 X: 0x23 Y: 0x0 SP: 0xF8 PC: 0xC9AB P: 0x0 CYC: 370
Opcode: BNE D0 9 A: 0x0 X: 0x23 Y: 0x0 SP: 0xF8 PC: 0xC9AB P: 0x0 CYC: 373
Opcode: BNE D0 9 A: 0x0 X: 0x23 Y: 0x0 SP: 0xF8 PC: 0xC9AB P: 0x0 CYC: 376
Opcode: BNE D0 9 A: 0x0 X: 0x23 Y: 0x0 SP: 0xF8 PC: 0xC9AB P: 0x0 CYC: 379
Opcode: BNE D0 9 A: 0x0 X: 0x23 Y: 0x0 SP: 0xF8 PC: 0xC9AB P: 0x0 CYC: 382
Opcode: BNE D0 9 A: 0x0 X: 0x23 Y: 0x0 SP: 0xF8 PC: 0xC9AB P: 0x0 CYC: 385
Opcode: BNE D0 9 A: 0x0 X: 0x23 Y: 0x0 SP: 0xF8 PC: 0xC9AB P: 0x0 CYC: 388
Opcode: BNE D0 9 A: 0x0 X: 0x23 Y: 0x0 SP: 0xF8 PC: 0xC9AB P: 0x0 CYC: 391
Opcode: BNE D0 9 A: 0x0 X: 0x23 Y: 0x0 SP: 0xF8 PC: 0xC9AB P: 0x0 CYC: 394
Opcode: BNE D0 9 A: 0x0 X: 0x23 Y: 0x0 SP: 0xF8 PC: 0xC9AB P: 0x0 CYC: 397
Opcode: BNE D0 9 A: 0x0 X: 0x23 Y: 0x0 SP: 0xF8 PC: 0xC9AB P: 0x0 CYC: 400
Opcode: BNE D0 9 A: 0x0 X: 0x23 Y: 0x0 SP: 0xF8 PC: 0xC9AB P: 0x0 CYC: 403
Opcode: BNE D0 9 A: 0x0 X: 0x23 Y: 0x0 SP: 0xF8 PC: 0xC9AB P: 0x0 CYC: 406
Opcode: BNE D0 9 A: 0x0 X: 0x23 Y: 0x0 SP: 0xF8 PC: 0xC9AB P: 0x0 CYC: 409
Opcode: BNE D0 9 A: 0x0 X: 0x23 Y: 0x0 SP: 0xF8 PC: 0xC9AB P: 0x0 CYC: 412
Opcode: BNE D0 9 A: 0x0 X: 0x23 Y: 0x0 SP: 0xF8 PC: 0xC9AB P: 0x0 CYC: 415
Opcode: BNE D0 9 A: 0x0 X: 0x23 Y: 0x0 SP: 0xF8 PC: 0xC9AB P: 0x0 CYC: 418
Opcode: BNE D0 9 A: 0x0 X: 0x23 Y: 0x0 SP: 0xF8 PC: 0xC9AB P: 0x0 CYC: 421
Opcode: BNE D0 9 A: 0x0 X: 0x23 Y: 0x0 SP: 0xF8 PC: 0xC9AB P: 0x0 CYC: 424
Opcode: BNE D0 9 A: 0x0 X: 0x23 Y: 0x0 SP: 0xF8 PC: 0xC9AB P: 0x0 CYC: 427
Opcode: BNE D0 9 A: 0x0 X: 0x23 Y: 0x0 SP: 0xF8 PC: 0xC9AB P: 0x0 CYC: 430
Opcode: BNE D0 9 A: 0x0 X: 0x23 Y: 0x0 SP: 0xF8 PC: 0xC9AB P: 0x0 CYC: 433
Opcode: BNE D0 9 A: 0x0 X: 0x23 Y: 0x0 SP: 0xF8 PC: 0xC9AB P: 0x0 CYC: 436
Opcode: BNE D0 9 A: 0x0 X: 0x23 Y: 0x0 SP: 0xF8 PC: 0xC9AB P: 0x0 CYC: 439
Opcode: BNE D0 9 A: 0x0 X: 0x23 Y: 0x0 SP: 0xF8 PC: 0xC9AB P: 0x0 CYC: 442
Opcode: BNE D0 9 A: 0x0 X: 0x23 Y: 0x0 SP: 0xF8 PC: 0xC9AB P: 0x0 CYC: 445
Opcode: BNE D0 9 A: 0x0 X: 0x23 Y: 0x0 SP: 0xF8 PC: 0xC9AB P: 0x0 CYC: 448
Opcode: BNE D0 9 A: 0x0 X: 0x23 Y: 0x0 SP: 0xF8 PC: 0xC9AB P: 0x0 CYC: 451
Opcode: BNE D0 9 A: 0x0 X: 0x23 Y: 0x0 SP: 0xF8 PC: 0xC9AB P: 0x0 CYC: 454
Opcode: BNE D0 9 A: 0x0 X: 0x23 Y: 0x0 SP: 0xF8 PC: 0xC9AB P: 0x0 CYC: 457
Opcode: BNE D0 9 A: 0x0 X: 0x23 Y: 0x0 SP: 0xF8 PC: 0xC9AB P: 0x0 CYC: 460
Opcode: BNE D0 9 A: 0x0 X: 0x23 Y: 0x0 SP: 0xF8 PC: 0xC9AB P: 0x0 CYC: 463
Opcode: BNE D0 9 A: 0x0 X: 0x23 Y: 0x0 SP: 0xF8 PC: 0xC9AB P: 0x0 CYC: 466
Opcode: BNE D0 9 A: 0x0 X: 0x23 Y: 0x0 SP: 0xF8 PC: 0xC9AB P: 0x0 CYC: 469
Opcode: BNE D0 9 A: 0x0 X: 0x23 Y: 0x0 SP: 0xF8 PC: 0xC9AB P: 0x0 CYC: 472
