Opcode: JMP 4C F5 C5 A: 0x0 X: 0x0 Y: 0x0 SP: 0xFD PC: 0x8000 P: 0x24 CYC: 7
Opcode: LDX A2 0 A: 0x0 X: 0x0 Y: 0x0 SP: 0xFD PC: 0xC5F5 P: 0x24 CYC: 11
Opcode: STX 86 0 A: 0x0 X: 0x0 Y: 0x0 SP: 0xFD PC: 0xC5F7 P: 0x0 CYC: 14
Opcode: STX 86 10 A: 0x0 X: 0x0 Y: 0x0 SP: 0xFD PC: 0xC5F9 P: 0x0 CYC: 18
Opcode: STX 86 11 A: 0x0 X: 0x0 Y: 0x0 SP: 0xFD PC: 0xC5FB P: 0x0 CYC: 22
Opcode: JSR 20 2D C7 A: 0x0 X: 0x0 Y: 0x0 SP: 0xFD PC: 0xC5FD P: 0x0 CYC: 26
Opcode: NOP EA A: 0x0 X: 0x0 Y: 0x0 SP: 0xFB PC: 0xC72D P: 0x0 CYC: 33
Opcode: SEC 38 A: 0x0 X: 0x0 Y: 0x0 SP: 0xFB PC: 0xC72E P: 0x0 CYC: 36
Opcode: BCS B0 4 A: 0x0 X: 0x0 Y: 0x0 SP: 0xFB PC: 0xC72F P: 0x1 CYC: 39
Opcode: STX 86 0 A: 0x0 X: 0x0 Y: 0x0 SP: 0xFB PC: 0xC733 P: 0x1 CYC: 42
Opcode: NOP EA A: 0x0 X: 0x0 Y: 0x0 SP: 0xFB PC: 0xC735 P: 0x1 CYC: 46
Opcode: CLC 18 A: 0x0 X: 0x0 Y: 0x0 SP: 0xFB PC: 0xC736 P: 0x1 CYC: 49
Opcode: BCS B0 3 A: 0x0 X: 0x0 Y: 0x0 SP: 0xFB PC: 0xC737 P: 0x1 CYC: 52
Opcode: RTI 40 A: 0x0 X: 0x0 Y: 0x0 SP: 0xFB PC: 0xC73A P: 0x1 CYC: 55
Opcode: BRK 0 A: 0x0 X: 0x0 Y: 0x0 SP: 0xFF PC: 0x0 P: 0x0 CYC: 62
Opcode: JMP 4C B0 CA A: 0x0 X: 0x0 Y: 0x0 SP: 0xFC PC: 0xAAA9 P: 0x4 CYC: 70
Opcode: NOP EA A: 0x0 X: 0x0 Y: 0x0 SP: 0xFC PC: 0xCAB0 P: 0x4 CYC: 74
Opcode: BIT 24 1 A: 0x0 X: 0x0 Y: 0x0 SP: 0xFC PC: 0xCAB1 P: 0x4 CYC: 77
Opcode: LDX A2 40 A: 0x0 X: 0x0 Y: 0x0 SP: 0xFC PC: 0xCAB3 P: 0x0 CYC: 81
Opcode: CPX E0 40 A: 0x0 X: 0x40 Y: 0x0 SP: 0xFC PC: 0xCAB5 P: 0x0 CYC: 84
Opcode: BNE D0 9 A: 0x0 X: 0x40 Y: 0x0 SP: 0xFC PC: 0xCAB7 P: 0x0 CYC: 87
Opcode: DEC C6 CA A: 0x0 X: 0x40 Y: 0x0 SP: 0xFC PC: 0xCAC0 P: 0x0 CYC: 90
Opcode: LDA A9 32 A: 0x0 X: 0x40 Y: 0x0 SP: 0xFC PC: 0xCAC2 P: 0x0 CYC: 96
Opcode: STA 85 0 A: 0x32 X: 0x40 Y: 0x0 SP: 0xFC PC: 0xCAC4 P: 0x0 CYC: 99
Opcode: NOP EA A: 0x32 X: 0x40 Y: 0x0 SP: 0xFC PC: 0xCAC6 P: 0x0 CYC: 103
Opcode: CLV B8 A: 0x32 X: 0x40 Y: 0x0 SP: 0xFC PC: 0xCAC7 P: 0x0 CYC: 106
Opcode: CPX E0 3F A: 0x32 X: 0x40 Y: 0x0 SP: 0xFC PC: 0xCAC8 P: 0x0 CYC: 109
Opcode: BEQ F0 9 A: 0x32 X: 0x40 Y: 0x0 SP: 0xFC PC: 0xCACA P: 0x0 CYC: 112
Opcode: BMI 30 7 A: 0x32 X: 0x40 Y: 0x0 SP: 0xFC PC: 0xCACC P: 0x0 CYC: 115
Opcode: BCC 90 5 A: 0x32 X: 0x40 Y: 0x0 SP: 0xFC PC: 0xCACE P: 0x0 CYC: 118
Opcode: CMP D9 CA A9 A: 0x32 X: 0x40 Y: 0x0 SP: 0xFC PC: 0xCAD3 P: 0x0 CYC: 121
Opcode: RLA 33 85 A: 0x32 X: 0x40 Y: 0x0 SP: 0xFC PC: 0xCAD6 P: 0x0 CYC: 126
Opcode: BRK 0 A: 0x32 X: 0x40 Y: 0x0 SP: 0xFC PC: 0xCAD8 P: 0x0 CYC: 135
Opcode: JMP 4C B0 CA A: 0x32 X: 0x40 Y: 0x0 SP: 0xF9 PC: 0xAAA9 P: 0x4 CYC: 143
Opcode: NOP EA A: 0x32 X: 0x40 Y: 0x0 SP: 0xF9 PC: 0xCAB0 P: 0x4 CYC: 147
Opcode: BIT 24 1 A: 0x32 X: 0x40 Y: 0x0 SP: 0xF9 PC: 0xCAB1 P: 0x4 CYC: 150
Opcode: LDX A2 40 A: 0x32 X: 0x40 Y: 0x0 SP: 0xF9 PC: 0xCAB3 P: 0x0 CYC: 154
Opcode: CPX E0 40 A: 0x32 X: 0x40 Y: 0x0 SP: 0xF9 PC: 0xCAB5 P: 0x0 CYC: 157
Opcode: BNE D0 9 A: 0x32 X: 0x40 Y: 0x0 SP: 0xF9 PC: 0xCAB7 P: 0x0 CYC: 160
Opcode: DEC C6 CA A: 0x32 X: 0x40 Y: 0x0 SP: 0xF9 PC: 0xCAC0 P: 0x0 CYC: 163
Opcode: LDA A9 32 A: 0x32 X: 0x40 Y: 0x0 SP: 0xF9 PC: 0xCAC2 P: 0x0 CYC: 169
Opcode: STA 85 0 A: 0x32 X: 0x40 Y: 0x0 SP: 0xF9 PC: 0xCAC4 P: 0x0 CYC: 172
Opcode: NOP EA A: 0x32 X: 0x40 Y: 0x0 SP: 0xF9 PC: 0xCAC6 P: 0x0 CYC: 176
Opcode: CLV B8 A: 0x32 X: 0x40 Y: 0x0 SP: 0xF9 PC: 0xCAC7 P: 0x0 CYC: 179
Opcode: CPX E0 3F A: 0x32 X: 0x40 Y: 0x0 SP: 0xF9 PC: 0xCAC8 P: 0x0 CYC: 182
Opcode: BEQ F0 9 A: 0x32 X: 0x40 Y: 0x0 SP: 0xF9 PC: 0xCACA P: 0x0 CYC: 185
Opcode: BMI 30 7 A: 0x32 X: 0x40 Y: 0x0 SP: 0xF9 PC: 0xCACC P: 0x0 CYC: 188
Opcode: BCC 90 5 A: 0x32 X: 0x40 Y: 0x0 SP: 0xF9 PC: 0xCACE P: 0x0 CYC: 191
Opcode: CMP D9 CA A9 A: 0x32 X: 0x40 Y: 0x0 SP: 0xF9 PC: 0xCAD3 P: 0x0 CYC: 194
Opcode: RLA 33 85 A: 0x32 X: 0x40 Y: 0x0 SP: 0xF9 PC: 0xCAD6 P: 0x0 CYC: 199
Opcode: BRK 0 A: 0x32 X: 0x40 Y: 0x0 SP: 0xF9 PC: 0xCAD8 P: 0x0 CYC: 208
Opcode: JMP 4C B0 CA A: 0x32 X: 0x40 Y: 0x0 SP: 0xF6 PC: 0xAAA9 P: 0x4 CYC: 216
Opcode: NOP EA A: 0x32 X: 0x40 Y: 0x0 SP: 0xF6 PC: 0xCAB0 P: 0x4 CYC: 220
Opcode: BIT 24 1 A: 0x32 X: 0x40 Y: 0x0 SP: 0xF6 PC: 0xCAB1 P: 0x4 CYC: 223
Opcode: LDX A2 40 A: 0x32 X: 0x40 Y: 0x0 SP: 0xF6 PC: 0xCAB3 P: 0x0 CYC: 227
Opcode: CPX E0 40 A: 0x32 X: 0x40 Y: 0x0 SP: 0xF6 PC: 0xCAB5 P: 0x0 CYC: 230
Opcode: BNE D0 9 A: 0x32 X: 0x40 Y: 0x0 SP: 0xF6 PC: 0xCAB7 P: 0x0 CYC: 233
Opcode: DEC C6 CA A: 0x32 X: 0x40 Y: 0x0 SP: 0xF6 PC: 0xCAC0 P: 0x0 CYC: 236
Opcode: LDA A9 32 A: 0x32 X: 0x40 Y: 0x0 SP: 0xF6 PC: 0xCAC2 P: 0x0 CYC: 242
Opcode: STA 85 0 A: 0x32 X: 0x40 Y: 0x0 SP: 0xF6 PC: 0xCAC4 P: 0x0 CYC: 245
Opcode: NOP EA A: 0x32 X: 0x40 Y: 0x0 SP: 0xF6 PC: 0xCAC6 P: 0x0 CYC: 249
Opcode: CLV B8 A: 0x32 X: 0x40 Y: 0x0 SP: 0xF6 PC: 0xCAC7 P: 0x0 CYC: 252
Opcode: CPX E0 3F A: 0x32 X: 0x40 Y: 0x0 SP: 0xF6 PC: 0xCAC8 P: 0x0 CYC: 255
Opcode: BEQ F0 9 A: 0x32 X: 0x40 Y: 0x0 SP: 0xF6 PC: 0xCACA P: 0x0 CYC: 258
Opcode: BMI 30 7 A: 0x32 X: 0x40 Y: 0x0 SP: 0xF6 PC: 0xCACC P: 0x0 CYC: 261
Opcode: BCC 90 5 A: 0x32 X: 0x40 Y: 0x0 SP: 0xF6 PC: 0xCACE P: 0x0 CYC: 264
Opcode: CMP D9 CA A9 A: 0x32 X: 0x40 Y: 0x0 SP: 0xF6 PC: 0xCAD3 P: 0x0 CYC: 267
Opcode: RLA 33 85 A: 0x32 X: 0x40 Y: 0x0 SP: 0xF6 PC: 0xCAD6 P: 0x0 CYC: 272
Opcode: BRK 0 A: 0x32 X: 0x40 Y: 0x0 SP: 0xF6 PC: 0xCAD8 P: 0x0 CYC: 281
Opcode: JMP 4C B0 CA A: 0x32 X: 0x40 Y: 0x0 SP: 0xF3 PC: 0xAAA9 P: 0x4 CYC: 289
Opcode: NOP EA A: 0x32 X: 0x40 Y: 0x0 SP: 0xF3 PC: 0xCAB0 P: 0x4 CYC: 293
Opcode: BIT 24 1 A: 0x32 X: 0x40 Y: 0x0 SP: 0xF3 PC: 0xCAB1 P: 0x4 CYC: 296
Opcode: LDX A2 40 A: 0x32 X: 0x40 Y: 0x0 SP: 0xF3 PC: 0xCAB3 P: 0x0 CYC: 300
Opcode: CPX E0 40 A: 0x32 X: 0x40 Y: 0x0 SP: 0xF3 PC: 0xCAB5 P: 0x0 CYC: 303
Opcode: BNE D0 9 A: 0x32 X: 0x40 Y: 0x0 SP: 0xF3 PC: 0xCAB7 P: 0x0 CYC: 306
Opcode: DEC C6 CA A: 0x32 X: 0x40 Y: 0x0 SP: 0xF3 PC: 0xCAC0 P: 0x0 CYC: 309
Opcode: LDA A9 32 A: 0x32 X: 0x40 Y: 0x0 SP: 0xF3 PC: 0xCAC2 P: 0x0 CYC: 315
Opcode: STA 85 0 A: 0x32 X: 0x40 Y: 0x0 SP: 0xF3 PC: 0xCAC4 P: 0x0 CYC: 318
Opcode: NOP EA A: 0x32 X: 0x40 Y: 0x0 SP: 0xF3 PC: 0xCAC6 P: 0x0 CYC: 322
Opcode: CLV B8 A: 0x32 X: 0x40 Y: 0x0 SP: 0xF3 PC: 0xCAC7 P: 0x0 CYC: 325
Opcode: CPX E0 3F A: 0x32 X: 0x40 Y: 0x0 SP: 0xF3 PC: 0xCAC8 P: 0x0 CYC: 328
Opcode: BEQ F0 9 A: 0x32 X: 0x40 Y: 0x0 SP: 0xF3 PC: 0xCACA P: 0x0 CYC: 331
Opcode: BMI 30 7 A: 0x32 X: 0x40 Y: 0x0 SP: 0xF3 PC: 0xCACC P: 0x0 CYC: 334
Opcode: BCC 90 5 A: 0x32 X: 0x40 Y: 0x0 SP: 0xF3 PC: 0xCACE P: 0x0 CYC: 337
Opcode: CMP D9 CA A9 A: 0x32 X: 0x40 Y: 0x0 SP: 0xF3 PC: 0xCAD3 P: 0x0 CYC: 340
Opcode: RLA 33 85 A: 0x32 X: 0x40 Y: 0x0 SP: 0xF3 PC: 0xCAD6 P: 0x0 CYC: 345
Opcode: BRK 0 A: 0x32 X: 0x40 Y: 0x0 SP: 0xF3 PC: 0xCAD8 P: 0x0 CYC: 354
Opcode: JMP 4C B0 CA A: 0x32 X: 0x40 Y: 0x0 SP: 0xF0 PC: 0xAAA9 P: 0x4 CYC: 362
Opcode: NOP EA A: 0x32 X: 0x40 Y: 0x0 SP: 0xF0 PC: 0xCAB0 P: 0x4 CYC: 366
Opcode: BIT 24 1 A: 0x32 X: 0x40 Y: 0x0 SP: 0xF0 PC: 0xCAB1 P: 0x4 CYC: 369
Opcode: LDX A2 40 A: 0x32 X: 0x40 Y: 0x0 SP: 0xF0 PC: 0xCAB3 P: 0x0 CYC: 373
Opcode: CPX E0 40 A: 0x32 X: 0x40 Y: 0x0 SP: 0xF0 PC: 0xCAB5 P: 0x0 CYC: 376
Opcode: BNE D0 9 A: 0x32 X: 0x40 Y: 0x0 SP: 0xF0 PC: 0xCAB7 P: 0x0 CYC: 379
Opcode: DEC C6 CA A: 0x32 X: 0x40 Y: 0x0 SP: 0xF0 PC: 0xCAC0 P: 0x0 CYC: 382
